<?xml version="1.0" encoding="UTF-8"?><testsuite errors="1" failures="0" name="Sitio web - Product Store" skipped="0" tests="1" time="5.97" timestamp="2022-08-09 09:15:43"><testcase name="inicio de sesion exitoso con ejemplos"><error message="Arity mismatch: Step Definition 'co.com.accenture.productstore.stepdefinitions.iniciosesion.InicioSesionStepDefinitions.elIniciaSesionConSusDatos(String,String) in file:/C:/Proyectos/ProductStore/ProductStore/build/classes/java/test/' with pattern [^el inicia sesion con sus datos$] is declared with 2 parameters. However, the gherkin step has 1 arguments [Table:[[usuarioo, clavee], [stivenhr21, 1234]]]. &#10;Step text: el inicia sesion con sus datos" type="cucumber.runtime.CucumberException">Arity mismatch: Step Definition 'co.com.accenture.productstore.stepdefinitions.iniciosesion.InicioSesionStepDefinitions.elIniciaSesionConSusDatos(String,String) in file:/C:/Proyectos/ProductStore/ProductStore/build/classes/java/test/' with pattern [^el inicia sesion con sus datos$] is declared with 2 parameters. However, the gherkin step has 1 arguments [Table:[[usuarioo, clavee], [stivenhr21, 1234]]]. 
Step text: el inicia sesion con sus datos</error><system-err>Arity mismatch: Step Definition 'co.com.accenture.productstore.stepdefinitions.iniciosesion.InicioSesionStepDefinitions.elIniciaSesionConSusDatos(String,String) in file:/C:/Proyectos/ProductStore/ProductStore/build/classes/java/test/' with pattern [^el inicia sesion con sus datos$] is declared with 2 parameters. However, the gherkin step has 1 arguments [Table:[[usuarioo, clavee], [stivenhr21, 1234]]]. 
Step text: el inicia sesion con sus datos&#13;
cucumber.runner.Runner.runPickle(Runner.java:80)&#13;
worker.org.gradle.process.internal.worker.GradleWorkerMain.run(GradleWorkerMain.java:69)&#13;
worker.org.gradle.process.internal.worker.GradleWorkerMain.main(GradleWorkerMain.java:74)&#13;
</system-err></testcase></testsuite>